  电商管理系统源文件.c
C:\Users\wangt\Desktop\23级自动化类7班-王腾-嵌入式组-中期考核\电商管理系统\电商管理系统源文件.c(108,13): warning C4477: “scanf_s”: 格式字符串“%[^\n]”需要类型“unsigned int”的参数，但可变参数 2 拥有了类型“size_t”
  C:\Users\wangt\Desktop\23级自动化类7班-王腾-嵌入式组-中期考核\电商管理系统\电商管理系统源文件.c(108,13):
  此参数用作缓冲区大小
  
C:\Users\wangt\Desktop\23级自动化类7班-王腾-嵌入式组-中期考核\电商管理系统\电商管理系统源文件.c(151,49): warning C4029: 声明的形参表不同于定义
C:\Users\wangt\Desktop\23级自动化类7班-王腾-嵌入式组-中期考核\电商管理系统\电商管理系统源文件.c(158,13): warning C4477: “scanf_s”: 格式字符串“%[^\n]”需要类型“unsigned int”的参数，但可变参数 2 拥有了类型“size_t”
  C:\Users\wangt\Desktop\23级自动化类7班-王腾-嵌入式组-中期考核\电商管理系统\电商管理系统源文件.c(158,13):
  此参数用作缓冲区大小
  
C:\Users\wangt\Desktop\23级自动化类7班-王腾-嵌入式组-中期考核\电商管理系统\电商管理系统源文件.c(170,13): warning C4477: “scanf_s”: 格式字符串“%[^\n]”需要类型“unsigned int”的参数，但可变参数 2 拥有了类型“size_t”
  C:\Users\wangt\Desktop\23级自动化类7班-王腾-嵌入式组-中期考核\电商管理系统\电商管理系统源文件.c(170,13):
  此参数用作缓冲区大小
  
C:\Users\wangt\Desktop\23级自动化类7班-王腾-嵌入式组-中期考核\电商管理系统\电商管理系统源文件.c(174,13): warning C4477: “scanf_s”: 格式字符串“%[^\n]”需要类型“unsigned int”的参数，但可变参数 2 拥有了类型“size_t”
  C:\Users\wangt\Desktop\23级自动化类7班-王腾-嵌入式组-中期考核\电商管理系统\电商管理系统源文件.c(174,13):
  此参数用作缓冲区大小
  
C:\Users\wangt\Desktop\23级自动化类7班-王腾-嵌入式组-中期考核\电商管理系统\电商管理系统源文件.c(201,13): warning C4477: “scanf_s”: 格式字符串“%[^\n]”需要类型“unsigned int”的参数，但可变参数 2 拥有了类型“size_t”
  C:\Users\wangt\Desktop\23级自动化类7班-王腾-嵌入式组-中期考核\电商管理系统\电商管理系统源文件.c(201,13):
  此参数用作缓冲区大小
  
C:\Users\wangt\Desktop\23级自动化类7班-王腾-嵌入式组-中期考核\电商管理系统\电商管理系统源文件.c(203,13): warning C4477: “scanf_s”: 格式字符串“%[^\n]”需要类型“unsigned int”的参数，但可变参数 2 拥有了类型“size_t”
  C:\Users\wangt\Desktop\23级自动化类7班-王腾-嵌入式组-中期考核\电商管理系统\电商管理系统源文件.c(203,13):
  此参数用作缓冲区大小
  
C:\Users\wangt\Desktop\23级自动化类7班-王腾-嵌入式组-中期考核\电商管理系统\电商管理系统源文件.c(224,13): warning C4477: “scanf_s”: 格式字符串“%[^\n]”需要类型“unsigned int”的参数，但可变参数 2 拥有了类型“size_t”
  C:\Users\wangt\Desktop\23级自动化类7班-王腾-嵌入式组-中期考核\电商管理系统\电商管理系统源文件.c(224,13):
  此参数用作缓冲区大小
  
C:\Users\wangt\Desktop\23级自动化类7班-王腾-嵌入式组-中期考核\电商管理系统\电商管理系统源文件.c(342,21): warning C4477: “scanf_s”: 格式字符串“%[^\n]”需要类型“unsigned int”的参数，但可变参数 2 拥有了类型“size_t”
  C:\Users\wangt\Desktop\23级自动化类7班-王腾-嵌入式组-中期考核\电商管理系统\电商管理系统源文件.c(342,21):
  此参数用作缓冲区大小
  
  电商管理系统.vcxproj -> C:\Users\wangt\Desktop\23级自动化类7班-王腾-嵌入式组-中期考核\电商管理系统\x64\Debug\电商管理系统.exe
